<?xml version="1.0" encoding="UTF-8"?>
<!-- Generated by org.testng.reporters.JUnitReportReporter -->
<testsuite hostname="DESKTOP-V3N07IS" failures="0" tests="2" name="com.test.googleTest" time="16.383" errors="0" timestamp="2023-06-25T22:23:32 IST" skipped="0">
  <testcase classname="com.test.googleTest" name="googleOpen" time="9.686"/>
  <testcase classname="com.test.googleTest" name="amazonTest" time="6.697"/>
</testsuite> <!-- com.test.googleTest -->
